<?xml version="1.0" encoding="UTF-8"?>
<!-- Generated by org.testng.reporters.JUnitReportReporter -->
<testsuite hostname="Manul-W" failures="0" tests="3" name="eBanking.testCases.TC_LoginTest_01" time="13.490" errors="0" timestamp="2021-07-14T20:58:21 IST" skipped="0">
  <testcase classname="eBanking.testCases.TC_LoginTest_01" name="loginTest" time="3.466"/>
  <system-out/>
  <testcase classname="eBanking.testCases.TC_LoginTest_01" name="loginTest" time="6.013"/>
  <system-out/>
  <testcase classname="eBanking.testCases.TC_LoginTest_01" name="loginTest" time="4.011"/>
  <system-out/>
</testsuite> <!-- eBanking.testCases.TC_LoginTest_01 -->
