<?xml version="1.0" encoding="UTF-8"?>
<!-- Generated by org.testng.reporters.JUnitReportReporter -->
<testsuite hostname="Manul-W" failures="0" tests="1" name="eBanking.TestCase.TC_LoginTest_01" time="4.629" errors="0" timestamp="2021-07-04T08:32:55 IST" skipped="0">
  <testcase classname="eBanking.TestCase.TC_LoginTest_01" name="loginTest" time="4.629"/>
  <system-out/>
</testsuite> <!-- eBanking.TestCase.TC_LoginTest_01 -->
