<?xml version="1.0" encoding="UTF-8"?>
<!-- Generated by org.testng.reporters.JUnitReportReporter -->
<testsuite hostname="Manul-W" failures="0" tests="3" name="framework.testCases.TC_AddCustomerTest_03" time="51.918" errors="0" timestamp="2021-07-16T10:12:11 IST" skipped="0">
  <testcase classname="framework.testCases.TC_AddCustomerTest_03" name="addNewCustomer" time="18.344"/>
  <system-out/>
  <testcase classname="framework.testCases.TC_AddCustomerTest_03" name="addNewCustomer" time="17.030"/>
  <system-out/>
  <testcase classname="framework.testCases.TC_AddCustomerTest_03" name="addNewCustomer" time="16.544"/>
  <system-out/>
</testsuite> <!-- framework.testCases.TC_AddCustomerTest_03 -->
